        -:    0:Source:C:/mingw64/lib/gcc/x86_64-w64-mingw32/8.1.0/include/c++/bits/random.h
        -:    0:Graph:.\graph_analyzer.cpp.gcno
        -:    0:Data:.\graph_analyzer.cpp.gcda
        -:    0:Runs:6
        -:    0:Programs:1
        -:    1:// random number generation -*- C++ -*-
        -:    2:
        -:    3:// Copyright (C) 2009-2018 Free Software Foundation, Inc.
        -:    4://
        -:    5:// This file is part of the GNU ISO C++ Library.  This library is free
        -:    6:// software; you can redistribute it and/or modify it under the
        -:    7:// terms of the GNU General Public License as published by the
        -:    8:// Free Software Foundation; either version 3, or (at your option)
        -:    9:// any later version.
        -:   10:
        -:   11:// This library is distributed in the hope that it will be useful,
        -:   12:// but WITHOUT ANY WARRANTY; without even the implied warranty of
        -:   13:// MERCHANTABILITY or FITNESS FOR A PARTICULAR PURPOSE.  See the
        -:   14:// GNU General Public License for more details.
        -:   15:
        -:   16:// Under Section 7 of GPL version 3, you are granted additional
        -:   17:// permissions described in the GCC Runtime Library Exception, version
        -:   18:// 3.1, as published by the Free Software Foundation.
        -:   19:
        -:   20:// You should have received a copy of the GNU General Public License and
        -:   21:// a copy of the GCC Runtime Library Exception along with this program;
        -:   22:// see the files COPYING3 and COPYING.RUNTIME respectively.  If not, see
        -:   23:// <http://www.gnu.org/licenses/>.
        -:   24:
        -:   25:/**
        -:   26: * @file bits/random.h
        -:   27: *  This is an internal header file, included by other library headers.
        -:   28: *  Do not attempt to use it directly. @headername{random}
        -:   29: */
        -:   30:
        -:   31:#ifndef _RANDOM_H
        -:   32:#define _RANDOM_H 1
        -:   33:
        -:   34:#include <vector>
        -:   35:#include <bits/uniform_int_dist.h>
        -:   36:
        -:   37:namespace std _GLIBCXX_VISIBILITY(default)
        -:   38:{
        -:   39:_GLIBCXX_BEGIN_NAMESPACE_VERSION
        -:   40:
        -:   41:  // [26.4] Random number generation
        -:   42:
        -:   43:  /**
        -:   44:   * @defgroup random Random Number Generation
        -:   45:   * @ingroup numerics
        -:   46:   *
        -:   47:   * A facility for generating random numbers on selected distributions.
        -:   48:   * @{
        -:   49:   */
        -:   50:
        -:   51:  /**
        -:   52:   * @brief A function template for converting the output of a (integral)
        -:   53:   * uniform random number generator to a floatng point result in the range
        -:   54:   * [0-1).
        -:   55:   */
        -:   56:  template<typename _RealType, size_t __bits,
        -:   57:	   typename _UniformRandomNumberGenerator>
        -:   58:    _RealType
        -:   59:    generate_canonical(_UniformRandomNumberGenerator& __g);
        -:   60:
        -:   61:  /*
        -:   62:   * Implementation-space details.
        -:   63:   */
        -:   64:  namespace __detail
        -:   65:  {
        -:   66:    template<typename _UIntType, size_t __w,
        -:   67:	     bool = __w < static_cast<size_t>
        -:   68:			  (std::numeric_limits<_UIntType>::digits)>
        -:   69:      struct _Shift
        -:   70:      { static const _UIntType __value = 0; };
        -:   71:
        -:   72:    template<typename _UIntType, size_t __w>
        -:   73:      struct _Shift<_UIntType, __w, true>
        -:   74:      { static const _UIntType __value = _UIntType(1) << __w; };
        -:   75:
        -:   76:    template<int __s,
        -:   77:	     int __which = ((__s <= __CHAR_BIT__ * sizeof (int))
        -:   78:			    + (__s <= __CHAR_BIT__ * sizeof (long))
        -:   79:			    + (__s <= __CHAR_BIT__ * sizeof (long long))
        -:   80:			    /* assume long long no bigger than __int128 */
        -:   81:			    + (__s <= 128))>
        -:   82:      struct _Select_uint_least_t
        -:   83:      {
        -:   84:	static_assert(__which < 0, /* needs to be dependent */
        -:   85:		      "sorry, would be too much trouble for a slow result");
        -:   86:      };
        -:   87:
        -:   88:    template<int __s>
        -:   89:      struct _Select_uint_least_t<__s, 4>
        -:   90:      { typedef unsigned int type; };
        -:   91:
        -:   92:    template<int __s>
        -:   93:      struct _Select_uint_least_t<__s, 3>
        -:   94:      { typedef unsigned long type; };
        -:   95:
        -:   96:    template<int __s>
        -:   97:      struct _Select_uint_least_t<__s, 2>
        -:   98:      { typedef unsigned long long type; };
        -:   99:
        -:  100:#ifdef _GLIBCXX_USE_INT128
        -:  101:    template<int __s>
        -:  102:      struct _Select_uint_least_t<__s, 1>
        -:  103:      { typedef unsigned __int128 type; };
        -:  104:#endif
        -:  105:
        -:  106:    // Assume a != 0, a < m, c < m, x < m.
        -:  107:    template<typename _Tp, _Tp __m, _Tp __a, _Tp __c,
        -:  108:	     bool __big_enough = (!(__m & (__m - 1))
        -:  109:				  || (_Tp(-1) - __c) / __a >= __m - 1),
        -:  110:             bool __schrage_ok = __m % __a < __m / __a>
        -:  111:      struct _Mod
        -:  112:      {
        -:  113:	typedef typename _Select_uint_least_t<std::__lg(__a)
        -:  114:					      + std::__lg(__m) + 2>::type _Tp2;
        -:  115:	static _Tp
        -:  116:	__calc(_Tp __x)
        -:  117:	{ return static_cast<_Tp>((_Tp2(__a) * __x + __c) % __m); }
        -:  118:      };
        -:  119:
        -:  120:    // Schrage.
        -:  121:    template<typename _Tp, _Tp __m, _Tp __a, _Tp __c>
        -:  122:      struct _Mod<_Tp, __m, __a, __c, false, true>
        -:  123:      {
        -:  124:	static _Tp
        -:  125:	__calc(_Tp __x);
        -:  126:      };
        -:  127:
        -:  128:    // Special cases:
        -:  129:    // - for m == 2^n or m == 0, unsigned integer overflow is safe.
        -:  130:    // - a * (m - 1) + c fits in _Tp, there is no overflow.
        -:  131:    template<typename _Tp, _Tp __m, _Tp __a, _Tp __c, bool __s>
        -:  132:      struct _Mod<_Tp, __m, __a, __c, true, __s>
        -:  133:      {
        -:  134:	static _Tp
    #####:  135:	__calc(_Tp __x)
        -:  136:	{
    #####:  137:	  _Tp __res = __a * __x + __c;
        -:  138:	  if (__m)
    #####:  139:	    __res %= __m;
    #####:  140:	  return __res;
        -:  141:	}
------------------
_ZNSt8__detail4_ModIjLj624ELj1ELj0ELb1ELb1EE6__calcEj:
    #####:  135:	__calc(_Tp __x)
        -:  136:	{
    #####:  137:	  _Tp __res = __a * __x + __c;
        -:  138:	  if (__m)
    #####:  139:	    __res %= __m;
    #####:  140:	  return __res;
        -:  141:	}
------------------
_ZNSt8__detail4_ModIjLj0ELj1ELj0ELb1ELb0EE6__calcEj:
    #####:  135:	__calc(_Tp __x)
        -:  136:	{
    #####:  137:	  _Tp __res = __a * __x + __c;
        -:  138:	  if (__m)
        -:  139:	    __res %= __m;
    #####:  140:	  return __res;
        -:  141:	}
------------------
        -:  142:      };
        -:  143:
        -:  144:    template<typename _Tp, _Tp __m, _Tp __a = 1, _Tp __c = 0>
        -:  145:      inline _Tp
    #####:  146:      __mod(_Tp __x)
    #####:  147:      { return _Mod<_Tp, __m, __a, __c>::__calc(__x); }
------------------
_ZNSt8__detail5__modIjLj624ELj1ELj0EEET_S1_:
    #####:  146:      __mod(_Tp __x)
    #####:  147:      { return _Mod<_Tp, __m, __a, __c>::__calc(__x); }
------------------
_ZNSt8__detail5__modIjLj0ELj1ELj0EEET_S1_:
    #####:  146:      __mod(_Tp __x)
    #####:  147:      { return _Mod<_Tp, __m, __a, __c>::__calc(__x); }
------------------
        -:  148:
        -:  149:    /*
        -:  150:     * An adaptor class for converting the output of any Generator into
        -:  151:     * the input for a specific Distribution.
        -:  152:     */
        -:  153:    template<typename _Engine, typename _DInputType>
        -:  154:      struct _Adaptor
        -:  155:      {
        -:  156:	static_assert(std::is_floating_point<_DInputType>::value,
        -:  157:		      "template argument must be a floating point type");
        -:  158:
        -:  159:      public:
        -:  160:	_Adaptor(_Engine& __g)
        -:  161:	: _M_g(__g) { }
        -:  162:
        -:  163:	_DInputType
        -:  164:	min() const
        -:  165:	{ return _DInputType(0); }
        -:  166:
        -:  167:	_DInputType
        -:  168:	max() const
        -:  169:	{ return _DInputType(1); }
        -:  170:
        -:  171:	/*
        -:  172:	 * Converts a value generated by the adapted random number generator
        -:  173:	 * into a value in the input domain for the dependent random number
        -:  174:	 * distribution.
        -:  175:	 */
        -:  176:	_DInputType
        -:  177:	operator()()
        -:  178:	{
        -:  179:	  return std::generate_canonical<_DInputType,
        -:  180:	                            std::numeric_limits<_DInputType>::digits,
        -:  181:	                            _Engine>(_M_g);
        -:  182:	}
        -:  183:
        -:  184:      private:
        -:  185:	_Engine& _M_g;
        -:  186:      };
        -:  187:
        -:  188:  } // namespace __detail
        -:  189:
        -:  190:  /**
        -:  191:   * @addtogroup random_generators Random Number Generators
        -:  192:   * @ingroup random
        -:  193:   *
        -:  194:   * These classes define objects which provide random or pseudorandom
        -:  195:   * numbers, either from a discrete or a continuous interval.  The
        -:  196:   * random number generator supplied as a part of this library are
        -:  197:   * all uniform random number generators which provide a sequence of
        -:  198:   * random number uniformly distributed over their range.
        -:  199:   *
        -:  200:   * A number generator is a function object with an operator() that
        -:  201:   * takes zero arguments and returns a number.
        -:  202:   *
        -:  203:   * A compliant random number generator must satisfy the following
        -:  204:   * requirements.  <table border=1 cellpadding=10 cellspacing=0>
        -:  205:   * <caption align=top>Random Number Generator Requirements</caption>
        -:  206:   * <tr><td>To be documented.</td></tr> </table>
        -:  207:   *
        -:  208:   * @{
        -:  209:   */
        -:  210:
        -:  211:  /**
        -:  212:   * @brief A model of a linear congruential random number generator.
        -:  213:   *
        -:  214:   * A random number generator that produces pseudorandom numbers via
        -:  215:   * linear function:
        -:  216:   * @f[
        -:  217:   *     x_{i+1}\leftarrow(ax_{i} + c) \bmod m 
        -:  218:   * @f]
        -:  219:   *
        -:  220:   * The template parameter @p _UIntType must be an unsigned integral type
        -:  221:   * large enough to store values up to (__m-1). If the template parameter
        -:  222:   * @p __m is 0, the modulus @p __m used is
        -:  223:   * std::numeric_limits<_UIntType>::max() plus 1. Otherwise, the template
        -:  224:   * parameters @p __a and @p __c must be less than @p __m.
        -:  225:   *
        -:  226:   * The size of the state is @f$1@f$.
        -:  227:   */
        -:  228:  template<typename _UIntType, _UIntType __a, _UIntType __c, _UIntType __m>
        -:  229:    class linear_congruential_engine
        -:  230:    {
        -:  231:      static_assert(std::is_unsigned<_UIntType>::value,
        -:  232:		    "result_type must be an unsigned integral type");
        -:  233:      static_assert(__m == 0u || (__a < __m && __c < __m),
        -:  234:		    "template argument substituting __m out of bounds");
        -:  235:
        -:  236:    public:
        -:  237:      /** The type of the generated random value. */
        -:  238:      typedef _UIntType result_type;
        -:  239:
        -:  240:      /** The multiplier. */
        -:  241:      static constexpr result_type multiplier   = __a;
        -:  242:      /** An increment. */
        -:  243:      static constexpr result_type increment    = __c;
        -:  244:      /** The modulus. */
        -:  245:      static constexpr result_type modulus      = __m;
        -:  246:      static constexpr result_type default_seed = 1u;
        -:  247:
        -:  248:      /**
        -:  249:       * @brief Constructs a %linear_congruential_engine random number
        -:  250:       *        generator engine with seed @p __s.  The default seed value
        -:  251:       *        is 1.
        -:  252:       *
        -:  253:       * @param __s The initial seed value.
        -:  254:       */
        -:  255:      explicit
        -:  256:      linear_congruential_engine(result_type __s = default_seed)
        -:  257:      { seed(__s); }
        -:  258:
        -:  259:      /**
        -:  260:       * @brief Constructs a %linear_congruential_engine random number
        -:  261:       *        generator engine seeded from the seed sequence @p __q.
        -:  262:       *
        -:  263:       * @param __q the seed sequence.
        -:  264:       */
        -:  265:      template<typename _Sseq, typename = typename
        -:  266:	std::enable_if<!std::is_same<_Sseq, linear_congruential_engine>::value>
        -:  267:	       ::type>
        -:  268:        explicit
        -:  269:        linear_congruential_engine(_Sseq& __q)
        -:  270:        { seed(__q); }
        -:  271:
        -:  272:      /**
        -:  273:       * @brief Reseeds the %linear_congruential_engine random number generator
        -:  274:       *        engine sequence to the seed @p __s.
        -:  275:       *
        -:  276:       * @param __s The new seed.
        -:  277:       */
        -:  278:      void
        -:  279:      seed(result_type __s = default_seed);
        -:  280:
        -:  281:      /**
        -:  282:       * @brief Reseeds the %linear_congruential_engine random number generator
        -:  283:       *        engine
        -:  284:       * sequence using values from the seed sequence @p __q.
        -:  285:       *
        -:  286:       * @param __q the seed sequence.
        -:  287:       */
        -:  288:      template<typename _Sseq>
        -:  289:        typename std::enable_if<std::is_class<_Sseq>::value>::type
        -:  290:        seed(_Sseq& __q);
        -:  291:
        -:  292:      /**
        -:  293:       * @brief Gets the smallest possible value in the output range.
        -:  294:       *
        -:  295:       * The minimum depends on the @p __c parameter: if it is zero, the
        -:  296:       * minimum generated must be > 0, otherwise 0 is allowed.
        -:  297:       */
        -:  298:      static constexpr result_type
        -:  299:      min()
        -:  300:      { return __c == 0u ? 1u : 0u; }
        -:  301:
        -:  302:      /**
        -:  303:       * @brief Gets the largest possible value in the output range.
        -:  304:       */
        -:  305:      static constexpr result_type
        -:  306:      max()
        -:  307:      { return __m - 1u; }
        -:  308:
        -:  309:      /**
        -:  310:       * @brief Discard a sequence of random numbers.
        -:  311:       */
        -:  312:      void
        -:  313:      discard(unsigned long long __z)
        -:  314:      {
        -:  315:	for (; __z != 0ULL; --__z)
        -:  316:	  (*this)();
        -:  317:      }
        -:  318:
        -:  319:      /**
        -:  320:       * @brief Gets the next random number in the sequence.
        -:  321:       */
        -:  322:      result_type
        -:  323:      operator()()
        -:  324:      {
        -:  325:	_M_x = __detail::__mod<_UIntType, __m, __a, __c>(_M_x);
        -:  326:	return _M_x;
        -:  327:      }
        -:  328:
        -:  329:      /**
        -:  330:       * @brief Compares two linear congruential random number generator
        -:  331:       * objects of the same type for equality.
        -:  332:       *
        -:  333:       * @param __lhs A linear congruential random number generator object.
        -:  334:       * @param __rhs Another linear congruential random number generator
        -:  335:       *              object.
        -:  336:       *
        -:  337:       * @returns true if the infinite sequences of generated values
        -:  338:       *          would be equal, false otherwise.
        -:  339:       */
        -:  340:      friend bool
        -:  341:      operator==(const linear_congruential_engine& __lhs,
        -:  342:		 const linear_congruential_engine& __rhs)
        -:  343:      { return __lhs._M_x == __rhs._M_x; }
        -:  344:
        -:  345:      /**
        -:  346:       * @brief Writes the textual representation of the state x(i) of x to
        -:  347:       *        @p __os.
        -:  348:       *
        -:  349:       * @param __os  The output stream.
        -:  350:       * @param __lcr A % linear_congruential_engine random number generator.
        -:  351:       * @returns __os.
        -:  352:       */
        -:  353:      template<typename _UIntType1, _UIntType1 __a1, _UIntType1 __c1,
        -:  354:	       _UIntType1 __m1, typename _CharT, typename _Traits>
        -:  355:	friend std::basic_ostream<_CharT, _Traits>&
        -:  356:	operator<<(std::basic_ostream<_CharT, _Traits>& __os,
        -:  357:		   const std::linear_congruential_engine<_UIntType1,
        -:  358:		   __a1, __c1, __m1>& __lcr);
        -:  359:
        -:  360:      /**
        -:  361:       * @brief Sets the state of the engine by reading its textual
        -:  362:       *        representation from @p __is.
        -:  363:       *
        -:  364:       * The textual representation must have been previously written using
        -:  365:       * an output stream whose imbued locale and whose type's template
        -:  366:       * specialization arguments _CharT and _Traits were the same as those
        -:  367:       * of @p __is.
        -:  368:       *
        -:  369:       * @param __is  The input stream.
        -:  370:       * @param __lcr A % linear_congruential_engine random number generator.
        -:  371:       * @returns __is.
        -:  372:       */
        -:  373:      template<typename _UIntType1, _UIntType1 __a1, _UIntType1 __c1,
        -:  374:	       _UIntType1 __m1, typename _CharT, typename _Traits>
        -:  375:	friend std::basic_istream<_CharT, _Traits>&
        -:  376:	operator>>(std::basic_istream<_CharT, _Traits>& __is,
        -:  377:		   std::linear_congruential_engine<_UIntType1, __a1,
        -:  378:		   __c1, __m1>& __lcr);
        -:  379:
        -:  380:    private:
        -:  381:      _UIntType _M_x;
        -:  382:    };
        -:  383:
        -:  384:  /**
        -:  385:   * @brief Compares two linear congruential random number generator
        -:  386:   * objects of the same type for inequality.
        -:  387:   *
        -:  388:   * @param __lhs A linear congruential random number generator object.
        -:  389:   * @param __rhs Another linear congruential random number generator
        -:  390:   *              object.
        -:  391:   *
        -:  392:   * @returns true if the infinite sequences of generated values
        -:  393:   *          would be different, false otherwise.
        -:  394:   */
        -:  395:  template<typename _UIntType, _UIntType __a, _UIntType __c, _UIntType __m>
        -:  396:    inline bool
        -:  397:    operator!=(const std::linear_congruential_engine<_UIntType, __a,
        -:  398:	       __c, __m>& __lhs,
        -:  399:	       const std::linear_congruential_engine<_UIntType, __a,
        -:  400:	       __c, __m>& __rhs)
        -:  401:    { return !(__lhs == __rhs); }
        -:  402:
        -:  403:
        -:  404:  /**
        -:  405:   * A generalized feedback shift register discrete random number generator.
        -:  406:   *
        -:  407:   * This algorithm avoids multiplication and division and is designed to be
        -:  408:   * friendly to a pipelined architecture.  If the parameters are chosen
        -:  409:   * correctly, this generator will produce numbers with a very long period and
        -:  410:   * fairly good apparent entropy, although still not cryptographically strong.
        -:  411:   *
        -:  412:   * The best way to use this generator is with the predefined mt19937 class.
        -:  413:   *
        -:  414:   * This algorithm was originally invented by Makoto Matsumoto and
        -:  415:   * Takuji Nishimura.
        -:  416:   *
        -:  417:   * @tparam __w  Word size, the number of bits in each element of 
        -:  418:   *              the state vector.
        -:  419:   * @tparam __n  The degree of recursion.
        -:  420:   * @tparam __m  The period parameter.
        -:  421:   * @tparam __r  The separation point bit index.
        -:  422:   * @tparam __a  The last row of the twist matrix.
        -:  423:   * @tparam __u  The first right-shift tempering matrix parameter.
        -:  424:   * @tparam __d  The first right-shift tempering matrix mask.
        -:  425:   * @tparam __s  The first left-shift tempering matrix parameter.
        -:  426:   * @tparam __b  The first left-shift tempering matrix mask.
        -:  427:   * @tparam __t  The second left-shift tempering matrix parameter.
        -:  428:   * @tparam __c  The second left-shift tempering matrix mask.
        -:  429:   * @tparam __l  The second right-shift tempering matrix parameter.
        -:  430:   * @tparam __f  Initialization multiplier.
        -:  431:   */
        -:  432:  template<typename _UIntType, size_t __w,
        -:  433:	   size_t __n, size_t __m, size_t __r,
        -:  434:	   _UIntType __a, size_t __u, _UIntType __d, size_t __s,
        -:  435:	   _UIntType __b, size_t __t,
        -:  436:	   _UIntType __c, size_t __l, _UIntType __f>
        -:  437:    class mersenne_twister_engine
        -:  438:    {
        -:  439:      static_assert(std::is_unsigned<_UIntType>::value,
        -:  440:		    "result_type must be an unsigned integral type");
        -:  441:      static_assert(1u <= __m && __m <= __n,
        -:  442:		    "template argument substituting __m out of bounds");
        -:  443:      static_assert(__r <= __w, "template argument substituting "
        -:  444:		    "__r out of bound");
        -:  445:      static_assert(__u <= __w, "template argument substituting "
        -:  446:		    "__u out of bound");
        -:  447:      static_assert(__s <= __w, "template argument substituting "
        -:  448:		    "__s out of bound");
        -:  449:      static_assert(__t <= __w, "template argument substituting "
        -:  450:		    "__t out of bound");
        -:  451:      static_assert(__l <= __w, "template argument substituting "
        -:  452:		    "__l out of bound");
        -:  453:      static_assert(__w <= std::numeric_limits<_UIntType>::digits,
        -:  454:		    "template argument substituting __w out of bound");
        -:  455:      static_assert(__a <= (__detail::_Shift<_UIntType, __w>::__value - 1),
        -:  456:		    "template argument substituting __a out of bound");
        -:  457:      static_assert(__b <= (__detail::_Shift<_UIntType, __w>::__value - 1),
        -:  458:		    "template argument substituting __b out of bound");
        -:  459:      static_assert(__c <= (__detail::_Shift<_UIntType, __w>::__value - 1),
        -:  460:		    "template argument substituting __c out of bound");
        -:  461:      static_assert(__d <= (__detail::_Shift<_UIntType, __w>::__value - 1),
        -:  462:		    "template argument substituting __d out of bound");
        -:  463:      static_assert(__f <= (__detail::_Shift<_UIntType, __w>::__value - 1),
        -:  464:		    "template argument substituting __f out of bound");
        -:  465:
        -:  466:    public:
        -:  467:      /** The type of the generated random value. */
        -:  468:      typedef _UIntType result_type;
        -:  469:
        -:  470:      // parameter values
        -:  471:      static constexpr size_t      word_size                 = __w;
        -:  472:      static constexpr size_t      state_size                = __n;
        -:  473:      static constexpr size_t      shift_size                = __m;
        -:  474:      static constexpr size_t      mask_bits                 = __r;
        -:  475:      static constexpr result_type xor_mask                  = __a;
        -:  476:      static constexpr size_t      tempering_u               = __u;
        -:  477:      static constexpr result_type tempering_d               = __d;
        -:  478:      static constexpr size_t      tempering_s               = __s;
        -:  479:      static constexpr result_type tempering_b               = __b;
        -:  480:      static constexpr size_t      tempering_t               = __t;
        -:  481:      static constexpr result_type tempering_c               = __c;
        -:  482:      static constexpr size_t      tempering_l               = __l;
        -:  483:      static constexpr result_type initialization_multiplier = __f;
        -:  484:      static constexpr result_type default_seed = 5489u;
        -:  485:
        -:  486:      // constructors and member function
        -:  487:      explicit
    #####:  488:      mersenne_twister_engine(result_type __sd = default_seed)
    #####:  489:      { seed(__sd); }
        -:  490:
        -:  491:      /**
        -:  492:       * @brief Constructs a %mersenne_twister_engine random number generator
        -:  493:       *        engine seeded from the seed sequence @p __q.
        -:  494:       *
        -:  495:       * @param __q the seed sequence.
        -:  496:       */
        -:  497:      template<typename _Sseq, typename = typename
        -:  498:        std::enable_if<!std::is_same<_Sseq, mersenne_twister_engine>::value>
        -:  499:	       ::type>
        -:  500:        explicit
        -:  501:        mersenne_twister_engine(_Sseq& __q)
        -:  502:        { seed(__q); }
        -:  503:
        -:  504:      void
        -:  505:      seed(result_type __sd = default_seed);
        -:  506:
        -:  507:      template<typename _Sseq>
        -:  508:	typename std::enable_if<std::is_class<_Sseq>::value>::type
        -:  509:        seed(_Sseq& __q);
        -:  510:
        -:  511:      /**
        -:  512:       * @brief Gets the smallest possible value in the output range.
        -:  513:       */
        -:  514:      static constexpr result_type
        -:  515:      min()
        -:  516:      { return 0; }
        -:  517:
        -:  518:      /**
        -:  519:       * @brief Gets the largest possible value in the output range.
        -:  520:       */
        -:  521:      static constexpr result_type
        -:  522:      max()
        -:  523:      { return __detail::_Shift<_UIntType, __w>::__value - 1; }
        -:  524:
        -:  525:      /**
        -:  526:       * @brief Discard a sequence of random numbers.
        -:  527:       */
        -:  528:      void
        -:  529:      discard(unsigned long long __z);
        -:  530:
        -:  531:      result_type
        -:  532:      operator()();
        -:  533:
        -:  534:      /**
        -:  535:       * @brief Compares two % mersenne_twister_engine random number generator
        -:  536:       *        objects of the same type for equality.
        -:  537:       *
        -:  538:       * @param __lhs A % mersenne_twister_engine random number generator
        -:  539:       *              object.
        -:  540:       * @param __rhs Another % mersenne_twister_engine random number
        -:  541:       *              generator object.
        -:  542:       *
        -:  543:       * @returns true if the infinite sequences of generated values
        -:  544:       *          would be equal, false otherwise.
        -:  545:       */
        -:  546:      friend bool
        -:  547:      operator==(const mersenne_twister_engine& __lhs,
        -:  548:		 const mersenne_twister_engine& __rhs)
        -:  549:      { return (std::equal(__lhs._M_x, __lhs._M_x + state_size, __rhs._M_x)
        -:  550:		&& __lhs._M_p == __rhs._M_p); }
        -:  551:
        -:  552:      /**
        -:  553:       * @brief Inserts the current state of a % mersenne_twister_engine
        -:  554:       *        random number generator engine @p __x into the output stream
        -:  555:       *        @p __os.
        -:  556:       *
        -:  557:       * @param __os An output stream.
        -:  558:       * @param __x  A % mersenne_twister_engine random number generator
        -:  559:       *             engine.
        -:  560:       *
        -:  561:       * @returns The output stream with the state of @p __x inserted or in
        -:  562:       * an error state.
        -:  563:       */
        -:  564:      template<typename _UIntType1,
        -:  565:	       size_t __w1, size_t __n1,
        -:  566:	       size_t __m1, size_t __r1,
        -:  567:	       _UIntType1 __a1, size_t __u1,
        -:  568:	       _UIntType1 __d1, size_t __s1,
        -:  569:	       _UIntType1 __b1, size_t __t1,
        -:  570:	       _UIntType1 __c1, size_t __l1, _UIntType1 __f1,
        -:  571:	       typename _CharT, typename _Traits>
        -:  572:	friend std::basic_ostream<_CharT, _Traits>&
        -:  573:	operator<<(std::basic_ostream<_CharT, _Traits>& __os,
        -:  574:		   const std::mersenne_twister_engine<_UIntType1, __w1, __n1,
        -:  575:		   __m1, __r1, __a1, __u1, __d1, __s1, __b1, __t1, __c1,
        -:  576:		   __l1, __f1>& __x);
        -:  577:
        -:  578:      /**
        -:  579:       * @brief Extracts the current state of a % mersenne_twister_engine
        -:  580:       *        random number generator engine @p __x from the input stream
        -:  581:       *        @p __is.
        -:  582:       *
        -:  583:       * @param __is An input stream.
        -:  584:       * @param __x  A % mersenne_twister_engine random number generator
        -:  585:       *             engine.
        -:  586:       *
        -:  587:       * @returns The input stream with the state of @p __x extracted or in
        -:  588:       * an error state.
        -:  589:       */
        -:  590:      template<typename _UIntType1,
        -:  591:	       size_t __w1, size_t __n1,
        -:  592:	       size_t __m1, size_t __r1,
        -:  593:	       _UIntType1 __a1, size_t __u1,
        -:  594:	       _UIntType1 __d1, size_t __s1,
        -:  595:	       _UIntType1 __b1, size_t __t1,
        -:  596:	       _UIntType1 __c1, size_t __l1, _UIntType1 __f1,
        -:  597:	       typename _CharT, typename _Traits>
        -:  598:	friend std::basic_istream<_CharT, _Traits>&
        -:  599:	operator>>(std::basic_istream<_CharT, _Traits>& __is,
        -:  600:		   std::mersenne_twister_engine<_UIntType1, __w1, __n1, __m1,
        -:  601:		   __r1, __a1, __u1, __d1, __s1, __b1, __t1, __c1,
        -:  602:		   __l1, __f1>& __x);
        -:  603:
        -:  604:    private:
        -:  605:      void _M_gen_rand();
        -:  606:
        -:  607:      _UIntType _M_x[state_size];
        -:  608:      size_t    _M_p;
        -:  609:    };
        -:  610:
        -:  611:  /**
        -:  612:   * @brief Compares two % mersenne_twister_engine random number generator
        -:  613:   *        objects of the same type for inequality.
        -:  614:   *
        -:  615:   * @param __lhs A % mersenne_twister_engine random number generator
        -:  616:   *              object.
        -:  617:   * @param __rhs Another % mersenne_twister_engine random number
        -:  618:   *              generator object.
        -:  619:   *
        -:  620:   * @returns true if the infinite sequences of generated values
        -:  621:   *          would be different, false otherwise.
        -:  622:   */
        -:  623:  template<typename _UIntType, size_t __w,
        -:  624:	   size_t __n, size_t __m, size_t __r,
        -:  625:	   _UIntType __a, size_t __u, _UIntType __d, size_t __s,
        -:  626:	   _UIntType __b, size_t __t,
        -:  627:	   _UIntType __c, size_t __l, _UIntType __f>
        -:  628:    inline bool
        -:  629:    operator!=(const std::mersenne_twister_engine<_UIntType, __w, __n, __m,
        -:  630:	       __r, __a, __u, __d, __s, __b, __t, __c, __l, __f>& __lhs,
        -:  631:	       const std::mersenne_twister_engine<_UIntType, __w, __n, __m,
        -:  632:	       __r, __a, __u, __d, __s, __b, __t, __c, __l, __f>& __rhs)
        -:  633:    { return !(__lhs == __rhs); }
        -:  634:
        -:  635:
        -:  636:  /**
        -:  637:   * @brief The Marsaglia-Zaman generator.
        -:  638:   *
        -:  639:   * This is a model of a Generalized Fibonacci discrete random number
        -:  640:   * generator, sometimes referred to as the SWC generator.
        -:  641:   *
        -:  642:   * A discrete random number generator that produces pseudorandom
        -:  643:   * numbers using:
        -:  644:   * @f[
        -:  645:   *     x_{i}\leftarrow(x_{i - s} - x_{i - r} - carry_{i-1}) \bmod m 
        -:  646:   * @f]
        -:  647:   *
        -:  648:   * The size of the state is @f$r@f$
        -:  649:   * and the maximum period of the generator is @f$(m^r - m^s - 1)@f$.
        -:  650:   */
        -:  651:  template<typename _UIntType, size_t __w, size_t __s, size_t __r>
        -:  652:    class subtract_with_carry_engine
        -:  653:    {
        -:  654:      static_assert(std::is_unsigned<_UIntType>::value,
        -:  655:		    "result_type must be an unsigned integral type");
        -:  656:      static_assert(0u < __s && __s < __r,
        -:  657:		    "0 < s < r");
        -:  658:      static_assert(0u < __w && __w <= std::numeric_limits<_UIntType>::digits,
        -:  659:		    "template argument substituting __w out of bounds");
        -:  660:
        -:  661:    public:
        -:  662:      /** The type of the generated random value. */
        -:  663:      typedef _UIntType result_type;
        -:  664:
        -:  665:      // parameter values
        -:  666:      static constexpr size_t      word_size    = __w;
        -:  667:      static constexpr size_t      short_lag    = __s;
        -:  668:      static constexpr size_t      long_lag     = __r;
        -:  669:      static constexpr result_type default_seed = 19780503u;
        -:  670:
        -:  671:      /**
        -:  672:       * @brief Constructs an explicitly seeded % subtract_with_carry_engine
        -:  673:       *        random number generator.
        -:  674:       */
        -:  675:      explicit
        -:  676:      subtract_with_carry_engine(result_type __sd = default_seed)
        -:  677:      { seed(__sd); }
        -:  678:
        -:  679:      /**
        -:  680:       * @brief Constructs a %subtract_with_carry_engine random number engine
        -:  681:       *        seeded from the seed sequence @p __q.
        -:  682:       *
        -:  683:       * @param __q the seed sequence.
        -:  684:       */
        -:  685:      template<typename _Sseq, typename = typename
        -:  686:        std::enable_if<!std::is_same<_Sseq, subtract_with_carry_engine>::value>
        -:  687:	       ::type>
        -:  688:        explicit
        -:  689:        subtract_with_carry_engine(_Sseq& __q)
        -:  690:        { seed(__q); }
        -:  691:
        -:  692:      /**
        -:  693:       * @brief Seeds the initial state @f$x_0@f$ of the random number
        -:  694:       *        generator.
        -:  695:       *
        -:  696:       * N1688[4.19] modifies this as follows.  If @p __value == 0,
        -:  697:       * sets value to 19780503.  In any case, with a linear
        -:  698:       * congruential generator lcg(i) having parameters @f$ m_{lcg} =
        -:  699:       * 2147483563, a_{lcg} = 40014, c_{lcg} = 0, and lcg(0) = value
        -:  700:       * @f$, sets @f$ x_{-r} \dots x_{-1} @f$ to @f$ lcg(1) \bmod m
        -:  701:       * \dots lcg(r) \bmod m @f$ respectively.  If @f$ x_{-1} = 0 @f$
        -:  702:       * set carry to 1, otherwise sets carry to 0.
        -:  703:       */
        -:  704:      void
        -:  705:      seed(result_type __sd = default_seed);
        -:  706:
        -:  707:      /**
        -:  708:       * @brief Seeds the initial state @f$x_0@f$ of the
        -:  709:       * % subtract_with_carry_engine random number generator.
        -:  710:       */
        -:  711:      template<typename _Sseq>
        -:  712:	typename std::enable_if<std::is_class<_Sseq>::value>::type
        -:  713:        seed(_Sseq& __q);
        -:  714:
        -:  715:      /**
        -:  716:       * @brief Gets the inclusive minimum value of the range of random
        -:  717:       * integers returned by this generator.
        -:  718:       */
        -:  719:      static constexpr result_type
        -:  720:      min()
        -:  721:      { return 0; }
        -:  722:
        -:  723:      /**
        -:  724:       * @brief Gets the inclusive maximum value of the range of random
        -:  725:       * integers returned by this generator.
        -:  726:       */
        -:  727:      static constexpr result_type
        -:  728:      max()
        -:  729:      { return __detail::_Shift<_UIntType, __w>::__value - 1; }
        -:  730:
        -:  731:      /**
        -:  732:       * @brief Discard a sequence of random numbers.
        -:  733:       */
        -:  734:      void
        -:  735:      discard(unsigned long long __z)
        -:  736:      {
        -:  737:	for (; __z != 0ULL; --__z)
        -:  738:	  (*this)();
        -:  739:      }
        -:  740:
        -:  741:      /**
        -:  742:       * @brief Gets the next random number in the sequence.
        -:  743:       */
        -:  744:      result_type
        -:  745:      operator()();
        -:  746:
        -:  747:      /**
        -:  748:       * @brief Compares two % subtract_with_carry_engine random number
        -:  749:       *        generator objects of the same type for equality.
        -:  750:       *
        -:  751:       * @param __lhs A % subtract_with_carry_engine random number generator
        -:  752:       *              object.
        -:  753:       * @param __rhs Another % subtract_with_carry_engine random number
        -:  754:       *              generator object.
        -:  755:       *
        -:  756:       * @returns true if the infinite sequences of generated values
        -:  757:       *          would be equal, false otherwise.
        -:  758:      */
        -:  759:      friend bool
        -:  760:      operator==(const subtract_with_carry_engine& __lhs,
        -:  761:		 const subtract_with_carry_engine& __rhs)
        -:  762:      { return (std::equal(__lhs._M_x, __lhs._M_x + long_lag, __rhs._M_x)
        -:  763:		&& __lhs._M_carry == __rhs._M_carry
        -:  764:		&& __lhs._M_p == __rhs._M_p); }
        -:  765:
        -:  766:      /**
        -:  767:       * @brief Inserts the current state of a % subtract_with_carry_engine
        -:  768:       *        random number generator engine @p __x into the output stream
        -:  769:       *        @p __os.
        -:  770:       *
        -:  771:       * @param __os An output stream.
        -:  772:       * @param __x  A % subtract_with_carry_engine random number generator
        -:  773:       *             engine.
        -:  774:       *
        -:  775:       * @returns The output stream with the state of @p __x inserted or in
        -:  776:       * an error state.
        -:  777:       */
        -:  778:      template<typename _UIntType1, size_t __w1, size_t __s1, size_t __r1,
        -:  779:	       typename _CharT, typename _Traits>
        -:  780:	friend std::basic_ostream<_CharT, _Traits>&
        -:  781:	operator<<(std::basic_ostream<_CharT, _Traits>& __os,
        -:  782:		   const std::subtract_with_carry_engine<_UIntType1, __w1,
        -:  783:		   __s1, __r1>& __x);
        -:  784:
        -:  785:      /**
        -:  786:       * @brief Extracts the current state of a % subtract_with_carry_engine
        -:  787:       *        random number generator engine @p __x from the input stream
        -:  788:       *        @p __is.
        -:  789:       *
        -:  790:       * @param __is An input stream.
        -:  791:       * @param __x  A % subtract_with_carry_engine random number generator
        -:  792:       *             engine.
        -:  793:       *
        -:  794:       * @returns The input stream with the state of @p __x extracted or in
        -:  795:       * an error state.
        -:  796:       */
        -:  797:      template<typename _UIntType1, size_t __w1, size_t __s1, size_t __r1,
        -:  798:	       typename _CharT, typename _Traits>
        -:  799:	friend std::basic_istream<_CharT, _Traits>&
        -:  800:	operator>>(std::basic_istream<_CharT, _Traits>& __is,
        -:  801:		   std::subtract_with_carry_engine<_UIntType1, __w1,
        -:  802:		   __s1, __r1>& __x);
        -:  803:
        -:  804:    private:
        -:  805:      /// The state of the generator.  This is a ring buffer.
        -:  806:      _UIntType  _M_x[long_lag];
        -:  807:      _UIntType  _M_carry;		///< The carry
        -:  808:      size_t     _M_p;			///< Current index of x(i - r).
        -:  809:    };
        -:  810:
        -:  811:  /**
        -:  812:   * @brief Compares two % subtract_with_carry_engine random number
        -:  813:   *        generator objects of the same type for inequality.
        -:  814:   *
        -:  815:   * @param __lhs A % subtract_with_carry_engine random number generator
        -:  816:   *              object.
        -:  817:   * @param __rhs Another % subtract_with_carry_engine random number
        -:  818:   *              generator object.
        -:  819:   *
        -:  820:   * @returns true if the infinite sequences of generated values
        -:  821:   *          would be different, false otherwise.
        -:  822:   */
        -:  823:  template<typename _UIntType, size_t __w, size_t __s, size_t __r>
        -:  824:    inline bool
        -:  825:    operator!=(const std::subtract_with_carry_engine<_UIntType, __w,
        -:  826:	       __s, __r>& __lhs,
        -:  827:	       const std::subtract_with_carry_engine<_UIntType, __w,
        -:  828:	       __s, __r>& __rhs)
        -:  829:    { return !(__lhs == __rhs); }
        -:  830:
        -:  831:
        -:  832:  /**
        -:  833:   * Produces random numbers from some base engine by discarding blocks of
        -:  834:   * data.
        -:  835:   *
        -:  836:   * 0 <= @p __r <= @p __p
        -:  837:   */
        -:  838:  template<typename _RandomNumberEngine, size_t __p, size_t __r>
        -:  839:    class discard_block_engine
        -:  840:    {
        -:  841:      static_assert(1 <= __r && __r <= __p,
        -:  842:		    "template argument substituting __r out of bounds");
        -:  843:
        -:  844:    public:
        -:  845:      /** The type of the generated random value. */
        -:  846:      typedef typename _RandomNumberEngine::result_type result_type;
        -:  847:
        -:  848:      // parameter values
        -:  849:      static constexpr size_t block_size = __p;
        -:  850:      static constexpr size_t used_block = __r;
        -:  851:
        -:  852:      /**
        -:  853:       * @brief Constructs a default %discard_block_engine engine.
        -:  854:       *
        -:  855:       * The underlying engine is default constructed as well.
        -:  856:       */
        -:  857:      discard_block_engine()
        -:  858:      : _M_b(), _M_n(0) { }
        -:  859:
        -:  860:      /**
        -:  861:       * @brief Copy constructs a %discard_block_engine engine.
        -:  862:       *
        -:  863:       * Copies an existing base class random number generator.
        -:  864:       * @param __rng An existing (base class) engine object.
        -:  865:       */
        -:  866:      explicit
        -:  867:      discard_block_engine(const _RandomNumberEngine& __rng)
        -:  868:      : _M_b(__rng), _M_n(0) { }
        -:  869:
        -:  870:      /**
        -:  871:       * @brief Move constructs a %discard_block_engine engine.
        -:  872:       *
        -:  873:       * Copies an existing base class random number generator.
        -:  874:       * @param __rng An existing (base class) engine object.
        -:  875:       */
        -:  876:      explicit
        -:  877:      discard_block_engine(_RandomNumberEngine&& __rng)
        -:  878:      : _M_b(std::move(__rng)), _M_n(0) { }
        -:  879:
        -:  880:      /**
        -:  881:       * @brief Seed constructs a %discard_block_engine engine.
        -:  882:       *
        -:  883:       * Constructs the underlying generator engine seeded with @p __s.
        -:  884:       * @param __s A seed value for the base class engine.
        -:  885:       */
        -:  886:      explicit
        -:  887:      discard_block_engine(result_type __s)
        -:  888:      : _M_b(__s), _M_n(0) { }
        -:  889:
        -:  890:      /**
        -:  891:       * @brief Generator construct a %discard_block_engine engine.
        -:  892:       *
        -:  893:       * @param __q A seed sequence.
        -:  894:       */
        -:  895:      template<typename _Sseq, typename = typename
        -:  896:	std::enable_if<!std::is_same<_Sseq, discard_block_engine>::value
        -:  897:		       && !std::is_same<_Sseq, _RandomNumberEngine>::value>
        -:  898:	       ::type>
        -:  899:        explicit
        -:  900:        discard_block_engine(_Sseq& __q)
        -:  901:	: _M_b(__q), _M_n(0)
        -:  902:        { }
        -:  903:
        -:  904:      /**
        -:  905:       * @brief Reseeds the %discard_block_engine object with the default
        -:  906:       *        seed for the underlying base class generator engine.
        -:  907:       */
        -:  908:      void
        -:  909:      seed()
        -:  910:      {
        -:  911:	_M_b.seed();
        -:  912:	_M_n = 0;
        -:  913:      }
        -:  914:
        -:  915:      /**
        -:  916:       * @brief Reseeds the %discard_block_engine object with the default
        -:  917:       *        seed for the underlying base class generator engine.
        -:  918:       */
        -:  919:      void
        -:  920:      seed(result_type __s)
        -:  921:      {
        -:  922:	_M_b.seed(__s);
        -:  923:	_M_n = 0;
        -:  924:      }
        -:  925:
        -:  926:      /**
        -:  927:       * @brief Reseeds the %discard_block_engine object with the given seed
        -:  928:       *        sequence.
        -:  929:       * @param __q A seed generator function.
        -:  930:       */
        -:  931:      template<typename _Sseq>
        -:  932:        void
        -:  933:        seed(_Sseq& __q)
        -:  934:        {
        -:  935:	  _M_b.seed(__q);
        -:  936:	  _M_n = 0;
        -:  937:	}
        -:  938:
        -:  939:      /**
        -:  940:       * @brief Gets a const reference to the underlying generator engine
        -:  941:       *        object.
        -:  942:       */
        -:  943:      const _RandomNumberEngine&
        -:  944:      base() const noexcept
        -:  945:      { return _M_b; }
        -:  946:
        -:  947:      /**
        -:  948:       * @brief Gets the minimum value in the generated random number range.
        -:  949:       */
        -:  950:      static constexpr result_type
        -:  951:      min()
        -:  952:      { return _RandomNumberEngine::min(); }
        -:  953:
        -:  954:      /**
        -:  955:       * @brief Gets the maximum value in the generated random number range.
        -:  956:       */
        -:  957:      static constexpr result_type
        -:  958:      max()
        -:  959:      { return _RandomNumberEngine::max(); }
        -:  960:
        -:  961:      /**
        -:  962:       * @brief Discard a sequence of random numbers.
        -:  963:       */
        -:  964:      void
        -:  965:      discard(unsigned long long __z)
        -:  966:      {
        -:  967:	for (; __z != 0ULL; --__z)
        -:  968:	  (*this)();
        -:  969:      }
        -:  970:
        -:  971:      /**
        -:  972:       * @brief Gets the next value in the generated random number sequence.
        -:  973:       */
        -:  974:      result_type
        -:  975:      operator()();
        -:  976:
        -:  977:      /**
        -:  978:       * @brief Compares two %discard_block_engine random number generator
        -:  979:       *        objects of the same type for equality.
        -:  980:       *
        -:  981:       * @param __lhs A %discard_block_engine random number generator object.
        -:  982:       * @param __rhs Another %discard_block_engine random number generator
        -:  983:       *              object.
        -:  984:       *
        -:  985:       * @returns true if the infinite sequences of generated values
        -:  986:       *          would be equal, false otherwise.
        -:  987:       */
        -:  988:      friend bool
        -:  989:      operator==(const discard_block_engine& __lhs,
        -:  990:		 const discard_block_engine& __rhs)
        -:  991:      { return __lhs._M_b == __rhs._M_b && __lhs._M_n == __rhs._M_n; }
        -:  992:
        -:  993:      /**
        -:  994:       * @brief Inserts the current state of a %discard_block_engine random
        -:  995:       *        number generator engine @p __x into the output stream
        -:  996:       *        @p __os.
        -:  997:       *
        -:  998:       * @param __os An output stream.
        -:  999:       * @param __x  A %discard_block_engine random number generator engine.
        -: 1000:       *
        -: 1001:       * @returns The output stream with the state of @p __x inserted or in
        -: 1002:       * an error state.
        -: 1003:       */
        -: 1004:      template<typename _RandomNumberEngine1, size_t __p1, size_t __r1,
        -: 1005:	       typename _CharT, typename _Traits>
        -: 1006:	friend std::basic_ostream<_CharT, _Traits>&
        -: 1007:	operator<<(std::basic_ostream<_CharT, _Traits>& __os,
        -: 1008:		   const std::discard_block_engine<_RandomNumberEngine1,
        -: 1009:		   __p1, __r1>& __x);
        -: 1010:
        -: 1011:      /**
        -: 1012:       * @brief Extracts the current state of a % subtract_with_carry_engine
        -: 1013:       *        random number generator engine @p __x from the input stream
        -: 1014:       *        @p __is.
        -: 1015:       *
        -: 1016:       * @param __is An input stream.
        -: 1017:       * @param __x  A %discard_block_engine random number generator engine.
        -: 1018:       *
        -: 1019:       * @returns The input stream with the state of @p __x extracted or in
        -: 1020:       * an error state.
        -: 1021:       */
        -: 1022:      template<typename _RandomNumberEngine1, size_t __p1, size_t __r1,
        -: 1023:	       typename _CharT, typename _Traits>
        -: 1024:	friend std::basic_istream<_CharT, _Traits>&
        -: 1025:	operator>>(std::basic_istream<_CharT, _Traits>& __is,
        -: 1026:		   std::discard_block_engine<_RandomNumberEngine1,
        -: 1027:		   __p1, __r1>& __x);
        -: 1028:
        -: 1029:    private:
        -: 1030:      _RandomNumberEngine _M_b;
        -: 1031:      size_t _M_n;
        -: 1032:    };
        -: 1033:
        -: 1034:  /**
        -: 1035:   * @brief Compares two %discard_block_engine random number generator
        -: 1036:   *        objects of the same type for inequality.
        -: 1037:   *
        -: 1038:   * @param __lhs A %discard_block_engine random number generator object.
        -: 1039:   * @param __rhs Another %discard_block_engine random number generator
        -: 1040:   *              object.
        -: 1041:   *
        -: 1042:   * @returns true if the infinite sequences of generated values
        -: 1043:   *          would be different, false otherwise.
        -: 1044:   */
        -: 1045:  template<typename _RandomNumberEngine, size_t __p, size_t __r>
        -: 1046:    inline bool
        -: 1047:    operator!=(const std::discard_block_engine<_RandomNumberEngine, __p,
        -: 1048:	       __r>& __lhs,
        -: 1049:	       const std::discard_block_engine<_RandomNumberEngine, __p,
        -: 1050:	       __r>& __rhs)
        -: 1051:    { return !(__lhs == __rhs); }
        -: 1052:
        -: 1053:
        -: 1054:  /**
        -: 1055:   * Produces random numbers by combining random numbers from some base
        -: 1056:   * engine to produce random numbers with a specifies number of bits @p __w.
        -: 1057:   */
        -: 1058:  template<typename _RandomNumberEngine, size_t __w, typename _UIntType>
        -: 1059:    class independent_bits_engine
        -: 1060:    {
        -: 1061:      static_assert(std::is_unsigned<_UIntType>::value,
        -: 1062:		    "result_type must be an unsigned integral type");
        -: 1063:      static_assert(0u < __w && __w <= std::numeric_limits<_UIntType>::digits,
        -: 1064:		    "template argument substituting __w out of bounds");
        -: 1065:
        -: 1066:    public:
        -: 1067:      /** The type of the generated random value. */
        -: 1068:      typedef _UIntType result_type;
        -: 1069:
        -: 1070:      /**
        -: 1071:       * @brief Constructs a default %independent_bits_engine engine.
        -: 1072:       *
        -: 1073:       * The underlying engine is default constructed as well.
        -: 1074:       */
        -: 1075:      independent_bits_engine()
        -: 1076:      : _M_b() { }
        -: 1077:
        -: 1078:      /**
        -: 1079:       * @brief Copy constructs a %independent_bits_engine engine.
        -: 1080:       *
        -: 1081:       * Copies an existing base class random number generator.
        -: 1082:       * @param __rng An existing (base class) engine object.
        -: 1083:       */
        -: 1084:      explicit
        -: 1085:      independent_bits_engine(const _RandomNumberEngine& __rng)
        -: 1086:      : _M_b(__rng) { }
        -: 1087:
        -: 1088:      /**
        -: 1089:       * @brief Move constructs a %independent_bits_engine engine.
        -: 1090:       *
        -: 1091:       * Copies an existing base class random number generator.
        -: 1092:       * @param __rng An existing (base class) engine object.
        -: 1093:       */
        -: 1094:      explicit
        -: 1095:      independent_bits_engine(_RandomNumberEngine&& __rng)
        -: 1096:      : _M_b(std::move(__rng)) { }
        -: 1097:
        -: 1098:      /**
        -: 1099:       * @brief Seed constructs a %independent_bits_engine engine.
        -: 1100:       *
        -: 1101:       * Constructs the underlying generator engine seeded with @p __s.
        -: 1102:       * @param __s A seed value for the base class engine.
        -: 1103:       */
        -: 1104:      explicit
        -: 1105:      independent_bits_engine(result_type __s)
        -: 1106:      : _M_b(__s) { }
        -: 1107:
        -: 1108:      /**
        -: 1109:       * @brief Generator construct a %independent_bits_engine engine.
        -: 1110:       *
        -: 1111:       * @param __q A seed sequence.
        -: 1112:       */
        -: 1113:      template<typename _Sseq, typename = typename
        -: 1114:	std::enable_if<!std::is_same<_Sseq, independent_bits_engine>::value
        -: 1115:		       && !std::is_same<_Sseq, _RandomNumberEngine>::value>
        -: 1116:               ::type>
        -: 1117:        explicit
        -: 1118:        independent_bits_engine(_Sseq& __q)
        -: 1119:        : _M_b(__q)
        -: 1120:        { }
        -: 1121:
        -: 1122:      /**
        -: 1123:       * @brief Reseeds the %independent_bits_engine object with the default
        -: 1124:       *        seed for the underlying base class generator engine.
        -: 1125:       */
        -: 1126:      void
        -: 1127:      seed()
        -: 1128:      { _M_b.seed(); }
        -: 1129:
        -: 1130:      /**
        -: 1131:       * @brief Reseeds the %independent_bits_engine object with the default
        -: 1132:       *        seed for the underlying base class generator engine.
        -: 1133:       */
        -: 1134:      void
        -: 1135:      seed(result_type __s)
        -: 1136:      { _M_b.seed(__s); }
        -: 1137:
        -: 1138:      /**
        -: 1139:       * @brief Reseeds the %independent_bits_engine object with the given
        -: 1140:       *        seed sequence.
        -: 1141:       * @param __q A seed generator function.
        -: 1142:       */
        -: 1143:      template<typename _Sseq>
        -: 1144:        void
        -: 1145:        seed(_Sseq& __q)
        -: 1146:        { _M_b.seed(__q); }
        -: 1147:
        -: 1148:      /**
        -: 1149:       * @brief Gets a const reference to the underlying generator engine
        -: 1150:       *        object.
        -: 1151:       */
        -: 1152:      const _RandomNumberEngine&
        -: 1153:      base() const noexcept
        -: 1154:      { return _M_b; }
        -: 1155:
        -: 1156:      /**
        -: 1157:       * @brief Gets the minimum value in the generated random number range.
        -: 1158:       */
        -: 1159:      static constexpr result_type
        -: 1160:      min()
        -: 1161:      { return 0U; }
        -: 1162:
        -: 1163:      /**
        -: 1164:       * @brief Gets the maximum value in the generated random number range.
        -: 1165:       */
        -: 1166:      static constexpr result_type
        -: 1167:      max()
        -: 1168:      { return __detail::_Shift<_UIntType, __w>::__value - 1; }
        -: 1169:
        -: 1170:      /**
        -: 1171:       * @brief Discard a sequence of random numbers.
        -: 1172:       */
        -: 1173:      void
        -: 1174:      discard(unsigned long long __z)
        -: 1175:      {
        -: 1176:	for (; __z != 0ULL; --__z)
        -: 1177:	  (*this)();
        -: 1178:      }
        -: 1179:
        -: 1180:      /**
        -: 1181:       * @brief Gets the next value in the generated random number sequence.
        -: 1182:       */
        -: 1183:      result_type
        -: 1184:      operator()();
        -: 1185:
        -: 1186:      /**
        -: 1187:       * @brief Compares two %independent_bits_engine random number generator
        -: 1188:       * objects of the same type for equality.
        -: 1189:       *
        -: 1190:       * @param __lhs A %independent_bits_engine random number generator
        -: 1191:       *              object.
        -: 1192:       * @param __rhs Another %independent_bits_engine random number generator
        -: 1193:       *              object.
        -: 1194:       *
        -: 1195:       * @returns true if the infinite sequences of generated values
        -: 1196:       *          would be equal, false otherwise.
        -: 1197:       */
        -: 1198:      friend bool
        -: 1199:      operator==(const independent_bits_engine& __lhs,
        -: 1200:		 const independent_bits_engine& __rhs)
        -: 1201:      { return __lhs._M_b == __rhs._M_b; }
        -: 1202:
        -: 1203:      /**
        -: 1204:       * @brief Extracts the current state of a % subtract_with_carry_engine
        -: 1205:       *        random number generator engine @p __x from the input stream
        -: 1206:       *        @p __is.
        -: 1207:       *
        -: 1208:       * @param __is An input stream.
        -: 1209:       * @param __x  A %independent_bits_engine random number generator
        -: 1210:       *             engine.
        -: 1211:       *
        -: 1212:       * @returns The input stream with the state of @p __x extracted or in
        -: 1213:       *          an error state.
        -: 1214:       */
        -: 1215:      template<typename _CharT, typename _Traits>
        -: 1216:	friend std::basic_istream<_CharT, _Traits>&
        -: 1217:	operator>>(std::basic_istream<_CharT, _Traits>& __is,
        -: 1218:		   std::independent_bits_engine<_RandomNumberEngine,
        -: 1219:		   __w, _UIntType>& __x)
        -: 1220:	{
        -: 1221:	  __is >> __x._M_b;
        -: 1222:	  return __is;
        -: 1223:	}
        -: 1224:
        -: 1225:    private:
        -: 1226:      _RandomNumberEngine _M_b;
        -: 1227:    };
        -: 1228:
        -: 1229:  /**
        -: 1230:   * @brief Compares two %independent_bits_engine random number generator
        -: 1231:   * objects of the same type for inequality.
        -: 1232:   *
        -: 1233:   * @param __lhs A %independent_bits_engine random number generator
        -: 1234:   *              object.
        -: 1235:   * @param __rhs Another %independent_bits_engine random number generator
        -: 1236:   *              object.
        -: 1237:   *
        -: 1238:   * @returns true if the infinite sequences of generated values
        -: 1239:   *          would be different, false otherwise.
        -: 1240:   */
        -: 1241:  template<typename _RandomNumberEngine, size_t __w, typename _UIntType>
        -: 1242:    inline bool
        -: 1243:    operator!=(const std::independent_bits_engine<_RandomNumberEngine, __w,
        -: 1244:	       _UIntType>& __lhs,
        -: 1245:	       const std::independent_bits_engine<_RandomNumberEngine, __w,
        -: 1246:	       _UIntType>& __rhs)
        -: 1247:    { return !(__lhs == __rhs); }
        -: 1248:
        -: 1249:  /**
        -: 1250:   * @brief Inserts the current state of a %independent_bits_engine random
        -: 1251:   *        number generator engine @p __x into the output stream @p __os.
        -: 1252:   *
        -: 1253:   * @param __os An output stream.
        -: 1254:   * @param __x  A %independent_bits_engine random number generator engine.
        -: 1255:   *
        -: 1256:   * @returns The output stream with the state of @p __x inserted or in
        -: 1257:   *          an error state.
        -: 1258:   */
        -: 1259:  template<typename _RandomNumberEngine, size_t __w, typename _UIntType,
        -: 1260:	   typename _CharT, typename _Traits>
        -: 1261:    std::basic_ostream<_CharT, _Traits>&
        -: 1262:    operator<<(std::basic_ostream<_CharT, _Traits>& __os,
        -: 1263:	       const std::independent_bits_engine<_RandomNumberEngine,
        -: 1264:	       __w, _UIntType>& __x)
        -: 1265:    {
        -: 1266:      __os << __x.base();
        -: 1267:      return __os;
        -: 1268:    }
        -: 1269:
        -: 1270:
        -: 1271:  /**
        -: 1272:   * @brief Produces random numbers by combining random numbers from some
        -: 1273:   * base engine to produce random numbers with a specifies number of bits
        -: 1274:   * @p __k.
        -: 1275:   */
        -: 1276:  template<typename _RandomNumberEngine, size_t __k>
        -: 1277:    class shuffle_order_engine
        -: 1278:    {
        -: 1279:      static_assert(1u <= __k, "template argument substituting "
        -: 1280:		    "__k out of bound");
        -: 1281:
        -: 1282:    public:
        -: 1283:      /** The type of the generated random value. */
        -: 1284:      typedef typename _RandomNumberEngine::result_type result_type;
        -: 1285:
        -: 1286:      static constexpr size_t table_size = __k;
        -: 1287:
        -: 1288:      /**
        -: 1289:       * @brief Constructs a default %shuffle_order_engine engine.
        -: 1290:       *
        -: 1291:       * The underlying engine is default constructed as well.
        -: 1292:       */
        -: 1293:      shuffle_order_engine()
        -: 1294:      : _M_b()
        -: 1295:      { _M_initialize(); }
        -: 1296:
        -: 1297:      /**
        -: 1298:       * @brief Copy constructs a %shuffle_order_engine engine.
        -: 1299:       *
        -: 1300:       * Copies an existing base class random number generator.
        -: 1301:       * @param __rng An existing (base class) engine object.
        -: 1302:       */
        -: 1303:      explicit
        -: 1304:      shuffle_order_engine(const _RandomNumberEngine& __rng)
        -: 1305:      : _M_b(__rng)
        -: 1306:      { _M_initialize(); }
        -: 1307:
        -: 1308:      /**
        -: 1309:       * @brief Move constructs a %shuffle_order_engine engine.
        -: 1310:       *
        -: 1311:       * Copies an existing base class random number generator.
        -: 1312:       * @param __rng An existing (base class) engine object.
        -: 1313:       */
        -: 1314:      explicit
        -: 1315:      shuffle_order_engine(_RandomNumberEngine&& __rng)
        -: 1316:      : _M_b(std::move(__rng))
        -: 1317:      { _M_initialize(); }
        -: 1318:
        -: 1319:      /**
        -: 1320:       * @brief Seed constructs a %shuffle_order_engine engine.
        -: 1321:       *
        -: 1322:       * Constructs the underlying generator engine seeded with @p __s.
        -: 1323:       * @param __s A seed value for the base class engine.
        -: 1324:       */
        -: 1325:      explicit
        -: 1326:      shuffle_order_engine(result_type __s)
        -: 1327:      : _M_b(__s)
        -: 1328:      { _M_initialize(); }
        -: 1329:
        -: 1330:      /**
        -: 1331:       * @brief Generator construct a %shuffle_order_engine engine.
        -: 1332:       *
        -: 1333:       * @param __q A seed sequence.
        -: 1334:       */
        -: 1335:      template<typename _Sseq, typename = typename
        -: 1336:	std::enable_if<!std::is_same<_Sseq, shuffle_order_engine>::value
        -: 1337:		       && !std::is_same<_Sseq, _RandomNumberEngine>::value>
        -: 1338:	       ::type>
        -: 1339:        explicit
        -: 1340:        shuffle_order_engine(_Sseq& __q)
        -: 1341:        : _M_b(__q)
        -: 1342:        { _M_initialize(); }
        -: 1343:
        -: 1344:      /**
        -: 1345:       * @brief Reseeds the %shuffle_order_engine object with the default seed
        -: 1346:                for the underlying base class generator engine.
        -: 1347:       */
        -: 1348:      void
        -: 1349:      seed()
        -: 1350:      {
        -: 1351:	_M_b.seed();
        -: 1352:	_M_initialize();
        -: 1353:      }
        -: 1354:
        -: 1355:      /**
        -: 1356:       * @brief Reseeds the %shuffle_order_engine object with the default seed
        -: 1357:       *        for the underlying base class generator engine.
        -: 1358:       */
        -: 1359:      void
        -: 1360:      seed(result_type __s)
        -: 1361:      {
        -: 1362:	_M_b.seed(__s);
        -: 1363:	_M_initialize();
        -: 1364:      }
        -: 1365:
        -: 1366:      /**
        -: 1367:       * @brief Reseeds the %shuffle_order_engine object with the given seed
        -: 1368:       *        sequence.
        -: 1369:       * @param __q A seed generator function.
        -: 1370:       */
        -: 1371:      template<typename _Sseq>
        -: 1372:        void
        -: 1373:        seed(_Sseq& __q)
        -: 1374:        {
        -: 1375:	  _M_b.seed(__q);
        -: 1376:	  _M_initialize();
        -: 1377:	}
        -: 1378:
        -: 1379:      /**
        -: 1380:       * Gets a const reference to the underlying generator engine object.
        -: 1381:       */
        -: 1382:      const _RandomNumberEngine&
        -: 1383:      base() const noexcept
        -: 1384:      { return _M_b; }
        -: 1385:
        -: 1386:      /**
        -: 1387:       * Gets the minimum value in the generated random number range.
        -: 1388:       */
        -: 1389:      static constexpr result_type
        -: 1390:      min()
        -: 1391:      { return _RandomNumberEngine::min(); }
        -: 1392:
        -: 1393:      /**
        -: 1394:       * Gets the maximum value in the generated random number range.
        -: 1395:       */
        -: 1396:      static constexpr result_type
        -: 1397:      max()
        -: 1398:      { return _RandomNumberEngine::max(); }
        -: 1399:
        -: 1400:      /**
        -: 1401:       * Discard a sequence of random numbers.
        -: 1402:       */
        -: 1403:      void
        -: 1404:      discard(unsigned long long __z)
        -: 1405:      {
        -: 1406:	for (; __z != 0ULL; --__z)
        -: 1407:	  (*this)();
        -: 1408:      }
        -: 1409:
        -: 1410:      /**
        -: 1411:       * Gets the next value in the generated random number sequence.
        -: 1412:       */
        -: 1413:      result_type
        -: 1414:      operator()();
        -: 1415:
        -: 1416:      /**
        -: 1417:       * Compares two %shuffle_order_engine random number generator objects
        -: 1418:       * of the same type for equality.
        -: 1419:       *
        -: 1420:       * @param __lhs A %shuffle_order_engine random number generator object.
        -: 1421:       * @param __rhs Another %shuffle_order_engine random number generator
        -: 1422:       *              object.
        -: 1423:       *
        -: 1424:       * @returns true if the infinite sequences of generated values
        -: 1425:       *          would be equal, false otherwise.
        -: 1426:      */
        -: 1427:      friend bool
        -: 1428:      operator==(const shuffle_order_engine& __lhs,
        -: 1429:		 const shuffle_order_engine& __rhs)
        -: 1430:      { return (__lhs._M_b == __rhs._M_b
        -: 1431:		&& std::equal(__lhs._M_v, __lhs._M_v + __k, __rhs._M_v)
        -: 1432:		&& __lhs._M_y == __rhs._M_y); }
        -: 1433:
        -: 1434:      /**
        -: 1435:       * @brief Inserts the current state of a %shuffle_order_engine random
        -: 1436:       *        number generator engine @p __x into the output stream
        -: 1437:	@p __os.
        -: 1438:       *
        -: 1439:       * @param __os An output stream.
        -: 1440:       * @param __x  A %shuffle_order_engine random number generator engine.
        -: 1441:       *
        -: 1442:       * @returns The output stream with the state of @p __x inserted or in
        -: 1443:       * an error state.
        -: 1444:       */
        -: 1445:      template<typename _RandomNumberEngine1, size_t __k1,
        -: 1446:	       typename _CharT, typename _Traits>
        -: 1447:	friend std::basic_ostream<_CharT, _Traits>&
        -: 1448:	operator<<(std::basic_ostream<_CharT, _Traits>& __os,
        -: 1449:		   const std::shuffle_order_engine<_RandomNumberEngine1,
        -: 1450:		   __k1>& __x);
        -: 1451:
        -: 1452:      /**
        -: 1453:       * @brief Extracts the current state of a % subtract_with_carry_engine
        -: 1454:       *        random number generator engine @p __x from the input stream
        -: 1455:       *        @p __is.
        -: 1456:       *
        -: 1457:       * @param __is An input stream.
        -: 1458:       * @param __x  A %shuffle_order_engine random number generator engine.
        -: 1459:       *
        -: 1460:       * @returns The input stream with the state of @p __x extracted or in
        -: 1461:       * an error state.
        -: 1462:       */
        -: 1463:      template<typename _RandomNumberEngine1, size_t __k1,
        -: 1464:	       typename _CharT, typename _Traits>
        -: 1465:	friend std::basic_istream<_CharT, _Traits>&
        -: 1466:	operator>>(std::basic_istream<_CharT, _Traits>& __is,
        -: 1467:		   std::shuffle_order_engine<_RandomNumberEngine1, __k1>& __x);
        -: 1468:
        -: 1469:    private:
        -: 1470:      void _M_initialize()
        -: 1471:      {
        -: 1472:	for (size_t __i = 0; __i < __k; ++__i)
        -: 1473:	  _M_v[__i] = _M_b();
        -: 1474:	_M_y = _M_b();
        -: 1475:      }
        -: 1476:
        -: 1477:      _RandomNumberEngine _M_b;
        -: 1478:      result_type _M_v[__k];
        -: 1479:      result_type _M_y;
        -: 1480:    };
        -: 1481:
        -: 1482:  /**
        -: 1483:   * Compares two %shuffle_order_engine random number generator objects
        -: 1484:   * of the same type for inequality.
        -: 1485:   *
        -: 1486:   * @param __lhs A %shuffle_order_engine random number generator object.
        -: 1487:   * @param __rhs Another %shuffle_order_engine random number generator
        -: 1488:   *              object.
        -: 1489:   *
        -: 1490:   * @returns true if the infinite sequences of generated values
        -: 1491:   *          would be different, false otherwise.
        -: 1492:   */
        -: 1493:  template<typename _RandomNumberEngine, size_t __k>
        -: 1494:    inline bool
        -: 1495:    operator!=(const std::shuffle_order_engine<_RandomNumberEngine,
        -: 1496:	       __k>& __lhs,
        -: 1497:	       const std::shuffle_order_engine<_RandomNumberEngine,
        -: 1498:	       __k>& __rhs)
        -: 1499:    { return !(__lhs == __rhs); }
        -: 1500:
        -: 1501:
        -: 1502:  /**
        -: 1503:   * The classic Minimum Standard rand0 of Lewis, Goodman, and Miller.
        -: 1504:   */
        -: 1505:  typedef linear_congruential_engine<uint_fast32_t, 16807UL, 0UL, 2147483647UL>
        -: 1506:  minstd_rand0;
        -: 1507:
        -: 1508:  /**
        -: 1509:   * An alternative LCR (Lehmer Generator function).
        -: 1510:   */
        -: 1511:  typedef linear_congruential_engine<uint_fast32_t, 48271UL, 0UL, 2147483647UL>
        -: 1512:  minstd_rand;
        -: 1513:
        -: 1514:  /**
        -: 1515:   * The classic Mersenne Twister.
        -: 1516:   *
        -: 1517:   * Reference:
        -: 1518:   * M. Matsumoto and T. Nishimura, Mersenne Twister: A 623-Dimensionally
        -: 1519:   * Equidistributed Uniform Pseudo-Random Number Generator, ACM Transactions
        -: 1520:   * on Modeling and Computer Simulation, Vol. 8, No. 1, January 1998, pp 3-30.
        -: 1521:   */
        -: 1522:  typedef mersenne_twister_engine<
        -: 1523:    uint_fast32_t,
        -: 1524:    32, 624, 397, 31,
        -: 1525:    0x9908b0dfUL, 11,
        -: 1526:    0xffffffffUL, 7,
        -: 1527:    0x9d2c5680UL, 15,
        -: 1528:    0xefc60000UL, 18, 1812433253UL> mt19937;
        -: 1529:
        -: 1530:  /**
        -: 1531:   * An alternative Mersenne Twister.
        -: 1532:   */
        -: 1533:  typedef mersenne_twister_engine<
        -: 1534:    uint_fast64_t,
        -: 1535:    64, 312, 156, 31,
        -: 1536:    0xb5026f5aa96619e9ULL, 29,
        -: 1537:    0x5555555555555555ULL, 17,
        -: 1538:    0x71d67fffeda60000ULL, 37,
        -: 1539:    0xfff7eee000000000ULL, 43,
        -: 1540:    6364136223846793005ULL> mt19937_64;
        -: 1541:
        -: 1542:  typedef subtract_with_carry_engine<uint_fast32_t, 24, 10, 24>
        -: 1543:    ranlux24_base;
        -: 1544:
        -: 1545:  typedef subtract_with_carry_engine<uint_fast64_t, 48, 5, 12>
        -: 1546:    ranlux48_base;
        -: 1547:
        -: 1548:  typedef discard_block_engine<ranlux24_base, 223, 23> ranlux24;
        -: 1549:
        -: 1550:  typedef discard_block_engine<ranlux48_base, 389, 11> ranlux48;
        -: 1551:
        -: 1552:  typedef shuffle_order_engine<minstd_rand0, 256> knuth_b;
        -: 1553:
        -: 1554:  typedef minstd_rand0 default_random_engine;
        -: 1555:
        -: 1556:  /**
        -: 1557:   * A standard interface to a platform-specific non-deterministic
        -: 1558:   * random number generator (if any are available).
        -: 1559:   */
        -: 1560:  class random_device
        -: 1561:  {
        -: 1562:  public:
        -: 1563:    /** The type of the generated random value. */
        -: 1564:    typedef unsigned int result_type;
        -: 1565:
        -: 1566:    // constructors, destructors and member functions
        -: 1567:
        -: 1568:#ifdef _GLIBCXX_USE_RANDOM_TR1
        -: 1569:
        -: 1570:    explicit
        -: 1571:    random_device(const std::string& __token = "default")
        -: 1572:    {
        -: 1573:      _M_init(__token);
        -: 1574:    }
        -: 1575:
        -: 1576:    ~random_device()
        -: 1577:    { _M_fini(); }
        -: 1578:
        -: 1579:#else
        -: 1580:
        -: 1581:    explicit
    #####: 1582:    random_device(const std::string& __token = "mt19937")
    #####: 1583:    { _M_init_pretr1(__token); }
        -: 1584:
        -: 1585:  public:
        -: 1586:
        -: 1587:#endif
        -: 1588:
        -: 1589:    static constexpr result_type
        -: 1590:    min()
        -: 1591:    { return std::numeric_limits<result_type>::min(); }
        -: 1592:
        -: 1593:    static constexpr result_type
        -: 1594:    max()
        -: 1595:    { return std::numeric_limits<result_type>::max(); }
        -: 1596:
        -: 1597:    double
        -: 1598:    entropy() const noexcept
        -: 1599:    {
        -: 1600:#ifdef _GLIBCXX_USE_RANDOM_TR1
        -: 1601:      return this->_M_getentropy();
        -: 1602:#else
        -: 1603:      return 0.0;
        -: 1604:#endif
        -: 1605:    }
        -: 1606:
        -: 1607:    result_type
    #####: 1608:    operator()()
        -: 1609:    {
        -: 1610:#ifdef _GLIBCXX_USE_RANDOM_TR1
        -: 1611:      return this->_M_getval();
        -: 1612:#else
    #####: 1613:      return this->_M_getval_pretr1();
        -: 1614:#endif
        -: 1615:    }
        -: 1616:
        -: 1617:    // No copy functions.
        -: 1618:    random_device(const random_device&) = delete;
        -: 1619:    void operator=(const random_device&) = delete;
        -: 1620:
        -: 1621:  private:
        -: 1622:
        -: 1623:    void _M_init(const std::string& __token);
        -: 1624:    void _M_init_pretr1(const std::string& __token);
        -: 1625:    void _M_fini();
        -: 1626:
        -: 1627:    result_type _M_getval();
        -: 1628:    result_type _M_getval_pretr1();
        -: 1629:    double _M_getentropy() const noexcept;
        -: 1630:
        -: 1631:    union
        -: 1632:    {
        -: 1633:      void*      _M_file;
        -: 1634:      mt19937    _M_mt;
        -: 1635:    };
        -: 1636:  };
        -: 1637:
        -: 1638:  /* @} */ // group random_generators
[...]
        -: 5555:       */
        -: 5556:      result_type
        -: 5557:      min() const
        -: 5558:      {
        -: 5559:	return _M_param._M_int.empty()
        -: 5560:	  ? result_type(0) : _M_param._M_int.front();
        -: 5561:      }
        -: 5562:
        -: 5563:      /**
        -: 5564:       * @brief Returns the least upper bound value of the distribution.
        -: 5565:       */
        -: 5566:      result_type
        -: 5567:      max() const
        -: 5568:      {
        -: 5569:	return _M_param._M_int.empty()
        -: 5570:	  ? result_type(1) : _M_param._M_int.back();
        -: 5571:      }
        -: 5572:
        -: 5573:      /**
        -: 5574:       * @brief Generating functions.
        -: 5575:       */
        -: 5576:      template<typename _UniformRandomNumberGenerator>
        -: 5577:	result_type
        -: 5578:	operator()(_UniformRandomNumberGenerator& __urng)
        -: 5579:	{ return this->operator()(__urng, _M_param); }
        -: 5580:
        -: 5581:      template<typename _UniformRandomNumberGenerator>
        -: 5582:	result_type
        -: 5583:	operator()(_UniformRandomNumberGenerator& __urng,
        -: 5584:		   const param_type& __p);
        -: 5585:
        -: 5586:      template<typename _ForwardIterator,
        -: 5587:	       typename _UniformRandomNumberGenerator>
        -: 5588:	void
        -: 5589:	__generate(_ForwardIterator __f, _ForwardIterator __t,
        -: 5590:		   _UniformRandomNumberGenerator& __urng)
        -: 5591:	{ this->__generate(__f, __t, __urng, _M_param); }
        -: 5592:
        -: 5593:      template<typename _ForwardIterator,
        -: 5594:	       typename _UniformRandomNumberGenerator>
        -: 5595:	void
        -: 5596:	__generate(_ForwardIterator __f, _ForwardIterator __t,
        -: 5597:		   _UniformRandomNumberGenerator& __urng,
        -: 5598:		   const param_type& __p)
        -: 5599:	{ this->__generate_impl(__f, __t, __urng, __p); }
        -: 5600:
        -: 5601:      template<typename _UniformRandomNumberGenerator>
        -: 5602:	void
        -: 5603:	__generate(result_type* __f, result_type* __t,
        -: 5604:		   _UniformRandomNumberGenerator& __urng,
        -: 5605:		   const param_type& __p)
        -: 5606:	{ this->__generate_impl(__f, __t, __urng, __p); }
        -: 5607:
        -: 5608:      /**
        -: 5609:       * @brief Return true if two piecewise constant distributions have the
        -: 5610:       *        same parameters.
        -: 5611:       */
        -: 5612:      friend bool
        -: 5613:      operator==(const piecewise_constant_distribution& __d1,
        -: 5614:		 const piecewise_constant_distribution& __d2)
        -: 5615:      { return __d1._M_param == __d2._M_param; }
        -: 5616:
        -: 5617:      /**
        -: 5618:       * @brief Inserts a %piecewise_constant_distribution random
        -: 5619:       *        number distribution @p __x into the output stream @p __os.
        -: 5620:       *
        -: 5621:       * @param __os An output stream.
        -: 5622:       * @param __x  A %piecewise_constant_distribution random number
        -: 5623:       *             distribution.
        -: 5624:       *
        -: 5625:       * @returns The output stream with the state of @p __x inserted or in
        -: 5626:       * an error state.
        -: 5627:       */
        -: 5628:      template<typename _RealType1, typename _CharT, typename _Traits>
        -: 5629:	friend std::basic_ostream<_CharT, _Traits>&
        -: 5630:	operator<<(std::basic_ostream<_CharT, _Traits>& __os,
        -: 5631:		   const std::piecewise_constant_distribution<_RealType1>& __x);
        -: 5632:
        -: 5633:      /**
        -: 5634:       * @brief Extracts a %piecewise_constant_distribution random
        -: 5635:       *        number distribution @p __x from the input stream @p __is.
        -: 5636:       *
        -: 5637:       * @param __is An input stream.
        -: 5638:       * @param __x A %piecewise_constant_distribution random number
        -: 5639:       *            generator engine.
        -: 5640:       *
        -: 5641:       * @returns The input stream with @p __x extracted or in an error
        -: 5642:       *          state.
        -: 5643:       */
        -: 5644:      template<typename _RealType1, typename _CharT, typename _Traits>
        -: 5645:	friend std::basic_istream<_CharT, _Traits>&
        -: 5646:	operator>>(std::basic_istream<_CharT, _Traits>& __is,
        -: 5647:		   std::piecewise_constant_distribution<_RealType1>& __x);
        -: 5648:
        -: 5649:    private:
        -: 5650:      template<typename _ForwardIterator,
        -: 5651:	       typename _UniformRandomNumberGenerator>
        -: 5652:	void
        -: 5653:	__generate_impl(_ForwardIterator __f, _ForwardIterator __t,
        -: 5654:			_UniformRandomNumberGenerator& __urng,
        -: 5655:			const param_type& __p);
        -: 5656:
        -: 5657:      param_type _M_param;
        -: 5658:    };
        -: 5659:
        -: 5660:  /**
        -: 5661:    * @brief Return true if two piecewise constant distributions have 
        -: 5662:    *        different parameters.
        -: 5663:   */
        -: 5664:  template<typename _RealType>
        -: 5665:    inline bool
        -: 5666:    operator!=(const std::piecewise_constant_distribution<_RealType>& __d1,
        -: 5667:	       const std::piecewise_constant_distribution<_RealType>& __d2)
        -: 5668:    { return !(__d1 == __d2); }
        -: 5669:
        -: 5670:
        -: 5671:  /**
        -: 5672:   * @brief A piecewise_linear_distribution random number distribution.
        -: 5673:   *
        -: 5674:   * The formula for the piecewise linear probability mass function is
        -: 5675:   *
        -: 5676:   */
        -: 5677:  template<typename _RealType = double>
        -: 5678:    class piecewise_linear_distribution
        -: 5679:    {
        -: 5680:      static_assert(std::is_floating_point<_RealType>::value,
        -: 5681:		    "result_type must be a floating point type");
        -: 5682:
        -: 5683:    public:
        -: 5684:      /** The type of the range of the distribution. */
        -: 5685:      typedef _RealType result_type;
        -: 5686:
        -: 5687:      /** Parameter type. */
        -: 5688:      struct param_type
        -: 5689:      {
        -: 5690:	typedef piecewise_linear_distribution<_RealType> distribution_type;
        -: 5691:	friend class piecewise_linear_distribution<_RealType>;
        -: 5692:
        -: 5693:	param_type()
        -: 5694:	: _M_int(), _M_den(), _M_cp(), _M_m()
        -: 5695:	{ }
        -: 5696:
        -: 5697:	template<typename _InputIteratorB, typename _InputIteratorW>
        -: 5698:	  param_type(_InputIteratorB __bfirst,
        -: 5699:		     _InputIteratorB __bend,
        -: 5700:		     _InputIteratorW __wbegin);
        -: 5701:
        -: 5702:	template<typename _Func>
        -: 5703:	  param_type(initializer_list<_RealType> __bl, _Func __fw);
        -: 5704:
        -: 5705:	template<typename _Func>
        -: 5706:	  param_type(size_t __nw, _RealType __xmin, _RealType __xmax,
        -: 5707:		     _Func __fw);
        -: 5708:
        -: 5709:	// See: http://cpp-next.com/archive/2010/10/implicit-move-must-go/
        -: 5710:	param_type(const param_type&) = default;
        -: 5711:	param_type& operator=(const param_type&) = default;
        -: 5712:
        -: 5713:	std::vector<_RealType>
        -: 5714:	intervals() const
        -: 5715:	{
        -: 5716:	  if (_M_int.empty())
        -: 5717:	    {
        -: 5718:	      std::vector<_RealType> __tmp(2);
        -: 5719:	      __tmp[1] = _RealType(1);
        -: 5720:	      return __tmp;
        -: 5721:	    }
        -: 5722:	  else
        -: 5723:	    return _M_int;
        -: 5724:	}
        -: 5725:
        -: 5726:	std::vector<double>
        -: 5727:	densities() const
        -: 5728:	{ return _M_den.empty() ? std::vector<double>(2, 1.0) : _M_den; }
        -: 5729:
        -: 5730:	friend bool
        -: 5731:	operator==(const param_type& __p1, const param_type& __p2)
        -: 5732:	{ return __p1._M_int == __p2._M_int && __p1._M_den == __p2._M_den; }
        -: 5733:
        -: 5734:	friend bool
        -: 5735:	operator!=(const param_type& __p1, const param_type& __p2)
        -: 5736:	{ return !(__p1 == __p2); }
        -: 5737:
        -: 5738:      private:
        -: 5739:	void
        -: 5740:	_M_initialize();
        -: 5741:
        -: 5742:	std::vector<_RealType> _M_int;
        -: 5743:	std::vector<double> _M_den;
        -: 5744:	std::vector<double> _M_cp;
        -: 5745:	std::vector<double> _M_m;
        -: 5746:      };
        -: 5747:
        -: 5748:      explicit
        -: 5749:      piecewise_linear_distribution()
        -: 5750:      : _M_param()
        -: 5751:      { }
        -: 5752:
        -: 5753:      template<typename _InputIteratorB, typename _InputIteratorW>
        -: 5754:	piecewise_linear_distribution(_InputIteratorB __bfirst,
        -: 5755:				      _InputIteratorB __bend,
        -: 5756:				      _InputIteratorW __wbegin)
        -: 5757:	: _M_param(__bfirst, __bend, __wbegin)
        -: 5758:	{ }
        -: 5759:
        -: 5760:      template<typename _Func>
        -: 5761:	piecewise_linear_distribution(initializer_list<_RealType> __bl,
        -: 5762:				      _Func __fw)
        -: 5763:	: _M_param(__bl, __fw)
        -: 5764:	{ }
        -: 5765:
        -: 5766:      template<typename _Func>
        -: 5767:	piecewise_linear_distribution(size_t __nw,
        -: 5768:				      _RealType __xmin, _RealType __xmax,
        -: 5769:				      _Func __fw)
        -: 5770:	: _M_param(__nw, __xmin, __xmax, __fw)
        -: 5771:	{ }
        -: 5772:
        -: 5773:      explicit
        -: 5774:      piecewise_linear_distribution(const param_type& __p)
        -: 5775:      : _M_param(__p)
        -: 5776:      { }
        -: 5777:
        -: 5778:      /**
        -: 5779:       * Resets the distribution state.
        -: 5780:       */
        -: 5781:      void
        -: 5782:      reset()
        -: 5783:      { }
        -: 5784:
        -: 5785:      /**
        -: 5786:       * @brief Return the intervals of the distribution.
        -: 5787:       */
        -: 5788:      std::vector<_RealType>
        -: 5789:      intervals() const
        -: 5790:      {
        -: 5791:	if (_M_param._M_int.empty())
        -: 5792:	  {
        -: 5793:	    std::vector<_RealType> __tmp(2);
        -: 5794:	    __tmp[1] = _RealType(1);
        -: 5795:	    return __tmp;
        -: 5796:	  }
        -: 5797:	else
        -: 5798:	  return _M_param._M_int;
        -: 5799:      }
        -: 5800:
        -: 5801:      /**
        -: 5802:       * @brief Return a vector of the probability densities of the
        -: 5803:       *        distribution.
        -: 5804:       */
        -: 5805:      std::vector<double>
        -: 5806:      densities() const
        -: 5807:      {
        -: 5808:	return _M_param._M_den.empty()
        -: 5809:	  ? std::vector<double>(2, 1.0) : _M_param._M_den;
        -: 5810:      }
        -: 5811:
        -: 5812:      /**
        -: 5813:       * @brief Returns the parameter set of the distribution.
        -: 5814:       */
        -: 5815:      param_type
        -: 5816:      param() const
        -: 5817:      { return _M_param; }
        -: 5818:
        -: 5819:      /**
        -: 5820:       * @brief Sets the parameter set of the distribution.
        -: 5821:       * @param __param The new parameter set of the distribution.
        -: 5822:       */
        -: 5823:      void
        -: 5824:      param(const param_type& __param)
        -: 5825:      { _M_param = __param; }
        -: 5826:
        -: 5827:      /**
        -: 5828:       * @brief Returns the greatest lower bound value of the distribution.
        -: 5829:       */
        -: 5830:      result_type
        -: 5831:      min() const
        -: 5832:      {
        -: 5833:	return _M_param._M_int.empty()
        -: 5834:	  ? result_type(0) : _M_param._M_int.front();
        -: 5835:      }
        -: 5836:
        -: 5837:      /**
        -: 5838:       * @brief Returns the least upper bound value of the distribution.
        -: 5839:       */
        -: 5840:      result_type
        -: 5841:      max() const
        -: 5842:      {
        -: 5843:	return _M_param._M_int.empty()
        -: 5844:	  ? result_type(1) : _M_param._M_int.back();
        -: 5845:      }
        -: 5846:
        -: 5847:      /**
        -: 5848:       * @brief Generating functions.
        -: 5849:       */
        -: 5850:      template<typename _UniformRandomNumberGenerator>
        -: 5851:	result_type
        -: 5852:	operator()(_UniformRandomNumberGenerator& __urng)
        -: 5853:	{ return this->operator()(__urng, _M_param); }
        -: 5854:
        -: 5855:      template<typename _UniformRandomNumberGenerator>
        -: 5856:	result_type
        -: 5857:	operator()(_UniformRandomNumberGenerator& __urng,
        -: 5858:		   const param_type& __p);
        -: 5859:
        -: 5860:      template<typename _ForwardIterator,
        -: 5861:	       typename _UniformRandomNumberGenerator>
        -: 5862:	void
        -: 5863:	__generate(_ForwardIterator __f, _ForwardIterator __t,
        -: 5864:		   _UniformRandomNumberGenerator& __urng)
        -: 5865:	{ this->__generate(__f, __t, __urng, _M_param); }
        -: 5866:
        -: 5867:      template<typename _ForwardIterator,
        -: 5868:	       typename _UniformRandomNumberGenerator>
        -: 5869:	void
        -: 5870:	__generate(_ForwardIterator __f, _ForwardIterator __t,
        -: 5871:		   _UniformRandomNumberGenerator& __urng,
        -: 5872:		   const param_type& __p)
        -: 5873:	{ this->__generate_impl(__f, __t, __urng, __p); }
        -: 5874:
        -: 5875:      template<typename _UniformRandomNumberGenerator>
        -: 5876:	void
        -: 5877:	__generate(result_type* __f, result_type* __t,
        -: 5878:		   _UniformRandomNumberGenerator& __urng,
        -: 5879:		   const param_type& __p)
        -: 5880:	{ this->__generate_impl(__f, __t, __urng, __p); }
        -: 5881:
        -: 5882:      /**
        -: 5883:       * @brief Return true if two piecewise linear distributions have the
        -: 5884:       *        same parameters.
        -: 5885:       */
        -: 5886:      friend bool
        -: 5887:      operator==(const piecewise_linear_distribution& __d1,
        -: 5888:		 const piecewise_linear_distribution& __d2)
        -: 5889:      { return __d1._M_param == __d2._M_param; }
        -: 5890:
        -: 5891:      /**
        -: 5892:       * @brief Inserts a %piecewise_linear_distribution random number
        -: 5893:       *        distribution @p __x into the output stream @p __os.
        -: 5894:       *
        -: 5895:       * @param __os An output stream.
        -: 5896:       * @param __x  A %piecewise_linear_distribution random number
        -: 5897:       *             distribution.
        -: 5898:       *
        -: 5899:       * @returns The output stream with the state of @p __x inserted or in
        -: 5900:       *          an error state.
        -: 5901:       */
        -: 5902:      template<typename _RealType1, typename _CharT, typename _Traits>
        -: 5903:	friend std::basic_ostream<_CharT, _Traits>&
        -: 5904:	operator<<(std::basic_ostream<_CharT, _Traits>& __os,
        -: 5905:		   const std::piecewise_linear_distribution<_RealType1>& __x);
        -: 5906:
        -: 5907:      /**
        -: 5908:       * @brief Extracts a %piecewise_linear_distribution random number
        -: 5909:       *        distribution @p __x from the input stream @p __is.
        -: 5910:       *
        -: 5911:       * @param __is An input stream.
        -: 5912:       * @param __x  A %piecewise_linear_distribution random number
        -: 5913:       *             generator engine.
        -: 5914:       *
        -: 5915:       * @returns The input stream with @p __x extracted or in an error
        -: 5916:       *          state.
        -: 5917:       */
        -: 5918:      template<typename _RealType1, typename _CharT, typename _Traits>
        -: 5919:	friend std::basic_istream<_CharT, _Traits>&
        -: 5920:	operator>>(std::basic_istream<_CharT, _Traits>& __is,
        -: 5921:		   std::piecewise_linear_distribution<_RealType1>& __x);
        -: 5922:
        -: 5923:    private:
        -: 5924:      template<typename _ForwardIterator,
        -: 5925:	       typename _UniformRandomNumberGenerator>
        -: 5926:	void
        -: 5927:	__generate_impl(_ForwardIterator __f, _ForwardIterator __t,
        -: 5928:			_UniformRandomNumberGenerator& __urng,
        -: 5929:			const param_type& __p);
        -: 5930:
        -: 5931:      param_type _M_param;
        -: 5932:    };
        -: 5933:
        -: 5934:  /**
        -: 5935:    * @brief Return true if two piecewise linear distributions have
        -: 5936:    *        different parameters.
        -: 5937:   */
        -: 5938:  template<typename _RealType>
        -: 5939:    inline bool
        -: 5940:    operator!=(const std::piecewise_linear_distribution<_RealType>& __d1,
        -: 5941:	       const std::piecewise_linear_distribution<_RealType>& __d2)
        -: 5942:    { return !(__d1 == __d2); }
        -: 5943:
        -: 5944:
        -: 5945:  /* @} */ // group random_distributions_poisson
        -: 5946:
        -: 5947:  /* @} */ // group random_distributions
        -: 5948:
        -: 5949:  /**
        -: 5950:   * @addtogroup random_utilities Random Number Utilities
        -: 5951:   * @ingroup random
        -: 5952:   * @{
        -: 5953:   */
        -: 5954:
        -: 5955:  /**
        -: 5956:   * @brief The seed_seq class generates sequences of seeds for random
        -: 5957:   *        number generators.
        -: 5958:   */
        -: 5959:  class seed_seq
        -: 5960:  {
        -: 5961:  public:
        -: 5962:    /** The type of the seed vales. */
        -: 5963:    typedef uint_least32_t result_type;
        -: 5964:
        -: 5965:    /** Default constructor. */
        -: 5966:    seed_seq() noexcept
        -: 5967:    : _M_v()
        -: 5968:    { }
        -: 5969:
        -: 5970:    template<typename _IntType>
        -: 5971:      seed_seq(std::initializer_list<_IntType> il);
        -: 5972:
        -: 5973:    template<typename _InputIterator>
        -: 5974:      seed_seq(_InputIterator __begin, _InputIterator __end);
        -: 5975:
        -: 5976:    // generating functions
        -: 5977:    template<typename _RandomAccessIterator>
        -: 5978:      void
        -: 5979:      generate(_RandomAccessIterator __begin, _RandomAccessIterator __end);
        -: 5980:
        -: 5981:    // property functions
        -: 5982:    size_t size() const noexcept
        -: 5983:    { return _M_v.size(); }
        -: 5984:
        -: 5985:    template<typename OutputIterator>
        -: 5986:      void
        -: 5987:      param(OutputIterator __dest) const
        -: 5988:      { std::copy(_M_v.begin(), _M_v.end(), __dest); }
        -: 5989:
        -: 5990:    // no copy functions
        -: 5991:    seed_seq(const seed_seq&) = delete;
        -: 5992:    seed_seq& operator=(const seed_seq&) = delete;
        -: 5993:
        -: 5994:  private:
        -: 5995:    std::vector<result_type> _M_v;
        -: 5996:  };
        -: 5997:
        -: 5998:  /* @} */ // group random_utilities
        -: 5999:
        -: 6000:  /* @} */ // group random
        -: 6001:
        -: 6002:_GLIBCXX_END_NAMESPACE_VERSION
        -: 6003:} // namespace std
        -: 6004:
        -: 6005:#endif
